build/app/outputs/mapping/release/mapping.txt
# compiler: R8
# compiler_version: 1.5.64
# min_api: 16
# pg_map_id: 854f782
...
io.flutter.plugin.platform.-$$Lambda$PlatformViewsController$uMHSUgEaoRsjJ78jznp2J6fTfhs -> io.flutter.plugin.platform.c:
    io.flutter.plugin.platform.PlatformViewsController f$0 -> a
    int f$1 -> b
io.flutter.plugin.platform.AccessibilityEventsDelegate -> io.flutter.plugin.platform.d:
    io.flutter.view.AccessibilityBridge accessibilityBridge -> a
    boolean requestSendAccessibilityEvent(android.view.View,android.view.View,android.view.accessibility.AccessibilityEvent) -> a
    void setAccessibilityBridge(io.flutter.view.AccessibilityBridge) -> a
io.flutter.plugin.platform.PlatformPlugin -> io.flutter.plugin.platform.e:
    io.flutter.plugin.platform.PlatformPlugin$PlatformPluginDelegate platformPluginDelegate -> c
    io.flutter.embedding.engine.systemchannels.PlatformChannel$SystemChromeStyle currentTheme -> d
    io.flutter.embedding.engine.systemchannels.PlatformChannel$PlatformMessageHandler mPlatformMessageHandler -> f
    int mEnabledOverlays -> e
    android.app.Activity activity -> a
    io.flutter.embedding.engine.systemchannels.PlatformChannel platformChannel -> b
    void access$000(io.flutter.plugin.platform.PlatformPlugin,io.flutter.embedding.engine.systemchannels.PlatformChannel$SoundType) -> a
    void access$100(io.flutter.plugin.platform.PlatformPlugin,int) -> a
    void access$1000(io.flutter.plugin.platform.PlatformPlugin,java.lang.String) -> a
    boolean access$1100(io.flutter.plugin.platform.PlatformPlugin) -> a
    void access$200(io.flutter.plugin.platform.PlatformPlugin,io.flutter.embedding.engine.systemchannels.PlatformChannel$AppSwitcherDescription) -> a
    void access$300(io.flutter.plugin.platform.PlatformPlugin,java.util.List) -> a
    void access$400(io.flutter.plugin.platform.PlatformPlugin,io.flutter.embedding.engine.systemchannels.PlatformChannel$SystemUiMode) -> a
    void access$700(io.flutter.plugin.platform.PlatformPlugin,io.flutter.embedding.engine.systemchannels.PlatformChannel$SystemChromeStyle) -> a
io.flutter.plugin.platform.PlatformPlugin$1 -> io.flutter.plugin.platform.e$a:
    io.flutter.plugin.platform.PlatformPlugin this$0 -> a
    java.lang.CharSequence getClipboardData(io.flutter.embedding.engine.systemchannels.PlatformChannel$ClipboardContentFormat) -> a
    void playSystemSound(io.flutter.embedding.engine.systemchannels.PlatformChannel$SoundType) -> a
    void setApplicationSwitcherDescription(io.flutter.embedding.engine.systemchannels.PlatformChannel$AppSwitcherDescription) -> a
    void setClipboardData(java.lang.String) -> a
    void setPreferredOrientations(int) -> a
    void setSystemUiOverlayStyle(io.flutter.embedding.engine.systemchannels.PlatformChannel$SystemChromeStyle) -> a
    void showSystemOverlays(java.util.List) -> a
    void showSystemUiMode(io.flutter.embedding.engine.systemchannels.PlatformChannel$SystemUiMode) -> a
    void vibrateHapticFeedback(io.flutter.embedding.engine.systemchannels.PlatformChannel$HapticFeedbackType) -> a
    void popSystemNavigator() -> u
    void setSystemUiChangeListener() -> v
    void restoreSystemUiOverlays() -> w
    boolean clipboardHasStrings() -> x
io.flutter.plugin.platform.PlatformPlugin$2 -> io.flutter.plugin.platform.e$b:
    io.flutter.plugin.platform.PlatformPlugin this$0 -> a
io.flutter.plugin.platform.PlatformPlugin$3 -> io.flutter.plugin.platform.e$c:
    int[] $SwitchMap$io$flutter$embedding$engine$systemchannels$PlatformChannel$SystemUiOverlay -> b
    int[] $SwitchMap$io$flutter$embedding$engine$systemchannels$PlatformChannel$Brightness -> c
    int[] $SwitchMap$io$flutter$embedding$engine$systemchannels$PlatformChannel$HapticFeedbackType -> a
io.flutter.plugin.platform.PlatformPlugin$PlatformPluginDelegate -> io.flutter.plugin.platform.e$d:
    boolean popSystemNavigator() -> u